<?xml version="1.0" encoding="UTF-8"?>
<testng-results ignored="0" total="1" passed="1" failed="0" skipped="0">
  <reporter-output>
  </reporter-output>
  <suite started-at="2023-05-14T22:42:37 BDT" name="Default suite" finished-at="2023-05-14T22:43:18 BDT" duration-ms="40867">
    <groups>
    </groups>
    <test started-at="2023-05-14T22:42:37 BDT" name="Default test" finished-at="2023-05-14T22:43:18 BDT" duration-ms="40867">
      <class name="com.web_automation.PChousebd.PChousebd_automation">
        <test-method signature="Login()[pri:0, instance:com.web_automation.PChousebd.PChousebd_automation@31fa1761]" started-at="2023-05-14T22:42:37 BDT" name="Login" finished-at="2023-05-14T22:43:18 BDT" duration-ms="40794" status="PASS">
          <reporter-output>
          </reporter-output>
        </test-method> <!-- Login -->
      </class> <!-- com.web_automation.PChousebd.PChousebd_automation -->
    </test> <!-- Default test -->
  </suite> <!-- Default suite -->
</testng-results>
